# Logfile created on 2014-04-28 10:06:13 +0200 by logger.rb/36483
I, [2014-04-28T10:06:13.623121 #9626]  INFO -- : 0:  rake (10.1.0) from /Users/danema/.rvm/gems/ruby-2.0.0-p247/specifications/rake-10.1.0.gemspec
I, [2014-04-28T10:06:14.750595 #9626]  INFO -- : 0:  i18n (0.6.5) from /Users/danema/.rvm/gems/ruby-2.0.0-p247/specifications/i18n-0.6.5.gemspec
I, [2014-04-28T10:06:14.750999 #9626]  INFO -- : 0:  minitest (4.7.5) from /Users/danema/.rvm/gems/ruby-2.0.0-p247/specifications/minitest-4.7.5.gemspec
I, [2014-04-28T10:06:15.733407 #9626]  INFO -- : 0:  multi_json (1.8.0) from /Users/danema/.rvm/gems/ruby-2.0.0-p247/specifications/multi_json-1.8.0.gemspec
I, [2014-04-28T10:06:15.733729 #9626]  INFO -- : 0:  atomic (1.1.14) from /Users/danema/.rvm/gems/ruby-2.0.0-p247/specifications/atomic-1.1.14.gemspec
I, [2014-04-28T10:06:15.733983 #9626]  INFO -- : 0:  thread_safe (0.1.3) from /Users/danema/.rvm/gems/ruby-2.0.0-p247/specifications/thread_safe-0.1.3.gemspec
I, [2014-04-28T10:06:17.223340 #9626]  INFO -- : 0:  tzinfo (0.3.37) from /Users/danema/.rvm/gems/ruby-2.0.0-p247/specifications/tzinfo-0.3.37.gemspec
I, [2014-04-28T10:06:17.223838 #9626]  INFO -- : 0:  activesupport (4.0.0) from /Users/danema/.rvm/gems/ruby-2.0.0-p247/specifications/activesupport-4.0.0.gemspec
I, [2014-04-28T10:06:17.224184 #9626]  INFO -- : 0:  builder (3.1.4) from /Users/danema/.rvm/gems/ruby-2.0.0-p247/specifications/builder-3.1.4.gemspec
I, [2014-04-28T10:06:17.224533 #9626]  INFO -- : 0:  erubis (2.7.0) from /Users/danema/.rvm/gems/ruby-2.0.0-p247/specifications/erubis-2.7.0.gemspec
I, [2014-04-28T10:06:17.224853 #9626]  INFO -- : 0:  rack (1.5.2) from /Users/danema/.rvm/gems/ruby-2.0.0-p247/specifications/rack-1.5.2.gemspec
I, [2014-04-28T10:06:17.225176 #9626]  INFO -- : 0:  rack-test (0.6.2) from /Users/danema/.rvm/gems/ruby-2.0.0-p247/specifications/rack-test-0.6.2.gemspec
I, [2014-04-28T10:06:17.225499 #9626]  INFO -- : 0:  actionpack (4.0.0) from /Users/danema/.rvm/gems/ruby-2.0.0-p247/specifications/actionpack-4.0.0.gemspec
I, [2014-04-28T10:06:18.323685 #9626]  INFO -- : 0:  mime-types (1.25) from /Users/danema/.rvm/gems/ruby-2.0.0-p247/specifications/mime-types-1.25.gemspec
I, [2014-04-28T10:06:18.324052 #9626]  INFO -- : 0:  polyglot (0.3.3) from /Users/danema/.rvm/gems/ruby-2.0.0-p247/specifications/polyglot-0.3.3.gemspec
I, [2014-04-28T10:06:18.324318 #9626]  INFO -- : 0:  treetop (1.4.15) from /Users/danema/.rvm/gems/ruby-2.0.0-p247/specifications/treetop-1.4.15.gemspec
I, [2014-04-28T10:06:18.324565 #9626]  INFO -- : 0:  mail (2.5.4) from /Users/danema/.rvm/gems/ruby-2.0.0-p247/specifications/mail-2.5.4.gemspec
I, [2014-04-28T10:06:18.324814 #9626]  INFO -- : 0:  actionmailer (4.0.0) from /Users/danema/.rvm/gems/ruby-2.0.0-p247/specifications/actionmailer-4.0.0.gemspec
I, [2014-04-28T10:06:18.325061 #9626]  INFO -- : 0:  activemodel (4.0.0) from /Users/danema/.rvm/gems/ruby-2.0.0-p247/specifications/activemodel-4.0.0.gemspec
I, [2014-04-28T10:06:18.325305 #9626]  INFO -- : 0:  activerecord-deprecated_finders (1.0.3) from /Users/danema/.rvm/gems/ruby-2.0.0-p247/specifications/activerecord-deprecated_finders-1.0.3.gemspec
I, [2014-04-28T10:06:19.407417 #9626]  INFO -- : 0:  arel (4.0.0) from /Users/danema/.rvm/gems/ruby-2.0.0-p247/specifications/arel-4.0.0.gemspec
I, [2014-04-28T10:06:19.407826 #9626]  INFO -- : 0:  activerecord (4.0.0) from /Users/danema/.rvm/gems/ruby-2.0.0-p247/specifications/activerecord-4.0.0.gemspec
I, [2014-04-28T10:06:22.533643 #9626]  INFO -- : 0:  bcrypt-ruby (3.1.2) from /Users/danema/.rvm/gems/ruby-2.0.0-p247/specifications/bcrypt-ruby-3.1.2.gemspec
I, [2014-04-28T10:06:24.641001 #9626]  INFO -- : 0:  json (1.8.0) from /Users/danema/.rvm/gems/ruby-2.0.0-p247/specifications/json-1.8.0.gemspec
I, [2014-04-28T10:06:25.732902 #9626]  INFO -- : 0:  carrierwave (0.9.0) from /Users/danema/.rvm/gems/ruby-2.0.0-p247/specifications/carrierwave-0.9.0.gemspec
I, [2014-04-28T10:06:26.753186 #9626]  INFO -- : 0:  coffee-script-source (1.6.3) from /Users/danema/.rvm/gems/ruby-2.0.0-p247/specifications/coffee-script-source-1.6.3.gemspec
I, [2014-04-28T10:06:27.809746 #9626]  INFO -- : 0:  execjs (2.0.1) from /Users/danema/.rvm/gems/ruby-2.0.0-p247/specifications/execjs-2.0.1.gemspec
I, [2014-04-28T10:06:27.810081 #9626]  INFO -- : 0:  coffee-script (2.2.0) from /Users/danema/.rvm/gems/ruby-2.0.0-p247/specifications/coffee-script-2.2.0.gemspec
I, [2014-04-28T10:06:27.810338 #9626]  INFO -- : 0:  thor (0.18.1) from /Users/danema/.rvm/gems/ruby-2.0.0-p247/specifications/thor-0.18.1.gemspec
I, [2014-04-28T10:06:27.810594 #9626]  INFO -- : 0:  railties (4.0.0) from /Users/danema/.rvm/gems/ruby-2.0.0-p247/specifications/railties-4.0.0.gemspec
I, [2014-04-28T10:06:28.828732 #9626]  INFO -- : 0:  coffee-rails (4.0.0) from /Users/danema/.rvm/gems/ruby-2.0.0-p247/specifications/coffee-rails-4.0.0.gemspec
I, [2014-04-28T10:06:28.829082 #9626]  INFO -- : 0:  orm_adapter (0.5.0) from /Users/danema/.rvm/gems/ruby-2.0.0-p247/specifications/orm_adapter-0.5.0.gemspec
I, [2014-04-28T10:06:28.829331 #9626]  INFO -- : 0:  warden (1.2.3) from /Users/danema/.rvm/gems/ruby-2.0.0-p247/specifications/warden-1.2.3.gemspec
I, [2014-04-28T10:06:30.082082 #9626]  INFO -- : 0:  devise (3.2.2) from /Users/danema/.rvm/gems/ruby-2.0.0-p247/specifications/devise-3.2.2.gemspec
I, [2014-04-28T10:06:30.082500 #9626]  INFO -- : 0:  excon (0.13.4) from /Users/danema/.rvm/gems/ruby-2.0.0-p247/specifications/excon-0.13.4.gemspec
I, [2014-04-28T10:06:30.082785 #9626]  INFO -- : 0:  formatador (0.2.4) from /Users/danema/.rvm/gems/ruby-2.0.0-p247/specifications/formatador-0.2.4.gemspec
I, [2014-04-28T10:06:31.321659 #9626]  INFO -- : 0:  net-ssh (2.7.0) from /Users/danema/.rvm/gems/ruby-2.0.0-p247/specifications/net-ssh-2.7.0.gemspec
I, [2014-04-28T10:06:31.322145 #9626]  INFO -- : 0:  net-scp (1.0.4) from /Users/danema/.rvm/gems/ruby-2.0.0-p247/specifications/net-scp-1.0.4.gemspec
I, [2014-04-28T10:06:37.555283 #9626]  INFO -- : 0:  nokogiri (1.5.10) from /Users/danema/.rvm/gems/ruby-2.0.0-p247/specifications/nokogiri-1.5.10.gemspec
I, [2014-04-28T10:06:37.555870 #9626]  INFO -- : 0:  ruby-hmac (0.4.0) from /Users/danema/.rvm/gems/ruby-2.0.0-p247/specifications/ruby-hmac-0.4.0.gemspec
I, [2014-04-28T10:06:37.556238 #9626]  INFO -- : 0:  fog (1.3.1) from /Users/danema/.rvm/gems/ruby-2.0.0-p247/specifications/fog-1.3.1.gemspec
I, [2014-04-28T10:06:37.556568 #9626]  INFO -- : 0:  hike (1.2.3) from /Users/danema/.rvm/gems/ruby-2.0.0-p247/specifications/hike-1.2.3.gemspec
I, [2014-04-28T10:06:38.568653 #9626]  INFO -- : 0:  jbuilder (1.5.1) from /Users/danema/.rvm/gems/ruby-2.0.0-p247/specifications/jbuilder-1.5.1.gemspec
I, [2014-04-28T10:06:39.753797 #9626]  INFO -- : 0:  jquery-rails (3.0.4) from /Users/danema/.rvm/gems/ruby-2.0.0-p247/specifications/jquery-rails-3.0.4.gemspec
I, [2014-04-28T10:06:41.393498 #9626]  INFO -- : 0:  newrelic_rpm (3.6.9.171) from /Users/danema/.rvm/gems/ruby-2.0.0-p247/specifications/newrelic_rpm-3.6.9.171.gemspec
I, [2014-04-28T10:06:46.468273 #9626]  INFO -- : 0:  pg (0.17.0) from /Users/danema/.rvm/gems/ruby-2.0.0-p247/specifications/pg-0.17.0.gemspec
I, [2014-04-28T10:06:46.468804 #9626]  INFO -- : 0:  bundler (1.5.1) from /Users/danema/.rvm/gems/ruby-2.0.0-p247@global/specifications/bundler-1.5.1.gemspec
I, [2014-04-28T10:06:46.469156 #9626]  INFO -- : 0:  tilt (1.4.1) from /Users/danema/.rvm/gems/ruby-2.0.0-p247/specifications/tilt-1.4.1.gemspec
I, [2014-04-28T10:06:47.557087 #9626]  INFO -- : 0:  sprockets (2.10.0) from /Users/danema/.rvm/gems/ruby-2.0.0-p247/specifications/sprockets-2.10.0.gemspec
I, [2014-04-28T10:06:48.538333 #9626]  INFO -- : 0:  sprockets-rails (2.0.0) from /Users/danema/.rvm/gems/ruby-2.0.0-p247/specifications/sprockets-rails-2.0.0.gemspec
I, [2014-04-28T10:06:48.538692 #9626]  INFO -- : 0:  rails (4.0.0) from /Users/danema/.rvm/gems/ruby-2.0.0-p247/specifications/rails-4.0.0.gemspec
I, [2014-04-28T10:06:49.582237 #9626]  INFO -- : 0:  ranked-model (0.3) from /Users/danema/.rvm/gems/ruby-2.0.0-p247/specifications/ranked-model-0.3.gemspec
I, [2014-04-28T10:06:50.941411 #9626]  INFO -- : 0:  rdoc (3.12.2) from /Users/danema/.rvm/gems/ruby-2.0.0-p247/specifications/rdoc-3.12.2.gemspec
I, [2014-04-28T10:06:52.313648 #9626]  INFO -- : 0:  sass (3.2.10) from /Users/danema/.rvm/gems/ruby-2.0.0-p247/specifications/sass-3.2.10.gemspec
I, [2014-04-28T10:06:53.521815 #9626]  INFO -- : 0:  sass-rails (4.0.0) from /Users/danema/.rvm/gems/ruby-2.0.0-p247/specifications/sass-rails-4.0.0.gemspec
I, [2014-04-28T10:06:54.851398 #9626]  INFO -- : 0:  sdoc (0.3.20) from /Users/danema/.rvm/gems/ruby-2.0.0-p247/specifications/sdoc-0.3.20.gemspec
I, [2014-04-28T10:06:55.856253 #9626]  INFO -- : 0:  turbolinks (1.3.0) from /Users/danema/.rvm/gems/ruby-2.0.0-p247/specifications/turbolinks-1.3.0.gemspec
I, [2014-04-28T10:06:56.987065 #9626]  INFO -- : 0:  uglifier (2.2.1) from /Users/danema/.rvm/gems/ruby-2.0.0-p247/specifications/uglifier-2.2.1.gemspec
I, [2014-04-29T15:46:51.463448 #31044]  INFO -- : 0:  rake (10.1.0) from /Users/danema/.rvm/gems/ruby-2.0.0-p247/specifications/rake-10.1.0.gemspec
I, [2014-04-29T15:46:51.466620 #31044]  INFO -- : 0:  i18n (0.6.5) from /Users/danema/.rvm/gems/ruby-2.0.0-p247/specifications/i18n-0.6.5.gemspec
I, [2014-04-29T15:46:51.466881 #31044]  INFO -- : 0:  minitest (4.7.5) from /Users/danema/.rvm/gems/ruby-2.0.0-p247/specifications/minitest-4.7.5.gemspec
I, [2014-04-29T15:46:51.467130 #31044]  INFO -- : 0:  multi_json (1.8.0) from /Users/danema/.rvm/gems/ruby-2.0.0-p247/specifications/multi_json-1.8.0.gemspec
I, [2014-04-29T15:46:51.467371 #31044]  INFO -- : 0:  atomic (1.1.14) from /Users/danema/.rvm/gems/ruby-2.0.0-p247/specifications/atomic-1.1.14.gemspec
I, [2014-04-29T15:46:51.481979 #31044]  INFO -- : 0:  thread_safe (0.1.3) from /Users/danema/.rvm/gems/ruby-2.0.0-p247/specifications/thread_safe-0.1.3.gemspec
I, [2014-04-29T15:46:51.482299 #31044]  INFO -- : 0:  tzinfo (0.3.37) from /Users/danema/.rvm/gems/ruby-2.0.0-p247/specifications/tzinfo-0.3.37.gemspec
I, [2014-04-29T15:46:51.482589 #31044]  INFO -- : 0:  activesupport (4.0.0) from /Users/danema/.rvm/gems/ruby-2.0.0-p247/specifications/activesupport-4.0.0.gemspec
I, [2014-04-29T15:46:51.482862 #31044]  INFO -- : 0:  builder (3.1.4) from /Users/danema/.rvm/gems/ruby-2.0.0-p247/specifications/builder-3.1.4.gemspec
I, [2014-04-29T15:46:51.483105 #31044]  INFO -- : 0:  erubis (2.7.0) from /Users/danema/.rvm/gems/ruby-2.0.0-p247/specifications/erubis-2.7.0.gemspec
I, [2014-04-29T15:46:51.483329 #31044]  INFO -- : 0:  rack (1.5.2) from /Users/danema/.rvm/gems/ruby-2.0.0-p247/specifications/rack-1.5.2.gemspec
I, [2014-04-29T15:46:51.483593 #31044]  INFO -- : 0:  rack-test (0.6.2) from /Users/danema/.rvm/gems/ruby-2.0.0-p247/specifications/rack-test-0.6.2.gemspec
I, [2014-04-29T15:46:51.483833 #31044]  INFO -- : 0:  actionpack (4.0.0) from /Users/danema/.rvm/gems/ruby-2.0.0-p247/specifications/actionpack-4.0.0.gemspec
I, [2014-04-29T15:46:51.484072 #31044]  INFO -- : 0:  mime-types (1.25) from /Users/danema/.rvm/gems/ruby-2.0.0-p247/specifications/mime-types-1.25.gemspec
I, [2014-04-29T15:46:51.484310 #31044]  INFO -- : 0:  polyglot (0.3.3) from /Users/danema/.rvm/gems/ruby-2.0.0-p247/specifications/polyglot-0.3.3.gemspec
I, [2014-04-29T15:46:51.484549 #31044]  INFO -- : 0:  treetop (1.4.15) from /Users/danema/.rvm/gems/ruby-2.0.0-p247/specifications/treetop-1.4.15.gemspec
I, [2014-04-29T15:46:51.484788 #31044]  INFO -- : 0:  mail (2.5.4) from /Users/danema/.rvm/gems/ruby-2.0.0-p247/specifications/mail-2.5.4.gemspec
I, [2014-04-29T15:46:51.485035 #31044]  INFO -- : 0:  actionmailer (4.0.0) from /Users/danema/.rvm/gems/ruby-2.0.0-p247/specifications/actionmailer-4.0.0.gemspec
I, [2014-04-29T15:46:51.485272 #31044]  INFO -- : 0:  activemodel (4.0.0) from /Users/danema/.rvm/gems/ruby-2.0.0-p247/specifications/activemodel-4.0.0.gemspec
I, [2014-04-29T15:46:51.485494 #31044]  INFO -- : 0:  activerecord-deprecated_finders (1.0.3) from /Users/danema/.rvm/gems/ruby-2.0.0-p247/specifications/activerecord-deprecated_finders-1.0.3.gemspec
I, [2014-04-29T15:46:51.485736 #31044]  INFO -- : 0:  arel (4.0.0) from /Users/danema/.rvm/gems/ruby-2.0.0-p247/specifications/arel-4.0.0.gemspec
I, [2014-04-29T15:46:51.485989 #31044]  INFO -- : 0:  activerecord (4.0.0) from /Users/danema/.rvm/gems/ruby-2.0.0-p247/specifications/activerecord-4.0.0.gemspec
I, [2014-04-29T15:46:51.486212 #31044]  INFO -- : 0:  bcrypt-ruby (3.1.2) from /Users/danema/.rvm/gems/ruby-2.0.0-p247/specifications/bcrypt-ruby-3.1.2.gemspec
I, [2014-04-29T15:46:51.486428 #31044]  INFO -- : 0:  bundler (1.5.1) from /Users/danema/.rvm/gems/ruby-2.0.0-p247@global/specifications/bundler-1.5.1.gemspec
I, [2014-04-29T15:46:51.486654 #31044]  INFO -- : 0:  json (1.8.0) from /Users/danema/.rvm/gems/ruby-2.0.0-p247/specifications/json-1.8.0.gemspec
I, [2014-04-29T15:46:51.486883 #31044]  INFO -- : 0:  carrierwave (0.9.0) from /Users/danema/.rvm/gems/ruby-2.0.0-p247/specifications/carrierwave-0.9.0.gemspec
I, [2014-04-29T15:46:51.487116 #31044]  INFO -- : 0:  coffee-script-source (1.6.3) from /Users/danema/.rvm/gems/ruby-2.0.0-p247/specifications/coffee-script-source-1.6.3.gemspec
I, [2014-04-29T15:46:51.487357 #31044]  INFO -- : 0:  execjs (2.0.1) from /Users/danema/.rvm/gems/ruby-2.0.0-p247/specifications/execjs-2.0.1.gemspec
I, [2014-04-29T15:46:51.487593 #31044]  INFO -- : 0:  coffee-script (2.2.0) from /Users/danema/.rvm/gems/ruby-2.0.0-p247/specifications/coffee-script-2.2.0.gemspec
I, [2014-04-29T15:46:51.487834 #31044]  INFO -- : 0:  thor (0.18.1) from /Users/danema/.rvm/gems/ruby-2.0.0-p247/specifications/thor-0.18.1.gemspec
I, [2014-04-29T15:46:51.488072 #31044]  INFO -- : 0:  railties (4.0.0) from /Users/danema/.rvm/gems/ruby-2.0.0-p247/specifications/railties-4.0.0.gemspec
I, [2014-04-29T15:46:51.488303 #31044]  INFO -- : 0:  coffee-rails (4.0.0) from /Users/danema/.rvm/gems/ruby-2.0.0-p247/specifications/coffee-rails-4.0.0.gemspec
I, [2014-04-29T15:46:51.488537 #31044]  INFO -- : 0:  orm_adapter (0.5.0) from /Users/danema/.rvm/gems/ruby-2.0.0-p247/specifications/orm_adapter-0.5.0.gemspec
I, [2014-04-29T15:46:51.488777 #31044]  INFO -- : 0:  warden (1.2.3) from /Users/danema/.rvm/gems/ruby-2.0.0-p247/specifications/warden-1.2.3.gemspec
I, [2014-04-29T15:46:51.489015 #31044]  INFO -- : 0:  devise (3.2.2) from /Users/danema/.rvm/gems/ruby-2.0.0-p247/specifications/devise-3.2.2.gemspec
I, [2014-04-29T15:46:51.489260 #31044]  INFO -- : 0:  excon (0.13.4) from /Users/danema/.rvm/gems/ruby-2.0.0-p247/specifications/excon-0.13.4.gemspec
I, [2014-04-29T15:46:51.489492 #31044]  INFO -- : 0:  formatador (0.2.4) from /Users/danema/.rvm/gems/ruby-2.0.0-p247/specifications/formatador-0.2.4.gemspec
I, [2014-04-29T15:46:51.489725 #31044]  INFO -- : 0:  net-ssh (2.7.0) from /Users/danema/.rvm/gems/ruby-2.0.0-p247/specifications/net-ssh-2.7.0.gemspec
I, [2014-04-29T15:46:51.489959 #31044]  INFO -- : 0:  net-scp (1.0.4) from /Users/danema/.rvm/gems/ruby-2.0.0-p247/specifications/net-scp-1.0.4.gemspec
I, [2014-04-29T15:46:51.490196 #31044]  INFO -- : 0:  nokogiri (1.5.10) from /Users/danema/.rvm/gems/ruby-2.0.0-p247/specifications/nokogiri-1.5.10.gemspec
I, [2014-04-29T15:46:51.490424 #31044]  INFO -- : 0:  ruby-hmac (0.4.0) from /Users/danema/.rvm/gems/ruby-2.0.0-p247/specifications/ruby-hmac-0.4.0.gemspec
I, [2014-04-29T15:46:51.490661 #31044]  INFO -- : 0:  fog (1.3.1) from /Users/danema/.rvm/gems/ruby-2.0.0-p247/specifications/fog-1.3.1.gemspec
I, [2014-04-29T15:46:51.490895 #31044]  INFO -- : 0:  hike (1.2.3) from /Users/danema/.rvm/gems/ruby-2.0.0-p247/specifications/hike-1.2.3.gemspec
I, [2014-04-29T15:46:51.491129 #31044]  INFO -- : 0:  jbuilder (1.5.1) from /Users/danema/.rvm/gems/ruby-2.0.0-p247/specifications/jbuilder-1.5.1.gemspec
I, [2014-04-29T15:46:51.491367 #31044]  INFO -- : 0:  jquery-rails (3.0.4) from /Users/danema/.rvm/gems/ruby-2.0.0-p247/specifications/jquery-rails-3.0.4.gemspec
I, [2014-04-29T15:46:51.491604 #31044]  INFO -- : 0:  newrelic_rpm (3.6.9.171) from /Users/danema/.rvm/gems/ruby-2.0.0-p247/specifications/newrelic_rpm-3.6.9.171.gemspec
I, [2014-04-29T15:46:51.491840 #31044]  INFO -- : 0:  pg (0.17.0) from /Users/danema/.rvm/gems/ruby-2.0.0-p247/specifications/pg-0.17.0.gemspec
I, [2014-04-29T15:46:52.655688 #31044]  INFO -- : 0:  rack-mini-profiler (0.9.1) from /Users/danema/.rvm/gems/ruby-2.0.0-p247/specifications/rack-mini-profiler-0.9.1.gemspec
I, [2014-04-29T15:46:52.656162 #31044]  INFO -- : 0:  tilt (1.4.1) from /Users/danema/.rvm/gems/ruby-2.0.0-p247/specifications/tilt-1.4.1.gemspec
I, [2014-04-29T15:46:52.656473 #31044]  INFO -- : 0:  sprockets (2.10.0) from /Users/danema/.rvm/gems/ruby-2.0.0-p247/specifications/sprockets-2.10.0.gemspec
I, [2014-04-29T15:46:52.656734 #31044]  INFO -- : 0:  sprockets-rails (2.0.0) from /Users/danema/.rvm/gems/ruby-2.0.0-p247/specifications/sprockets-rails-2.0.0.gemspec
I, [2014-04-29T15:46:52.656982 #31044]  INFO -- : 0:  rails (4.0.0) from /Users/danema/.rvm/gems/ruby-2.0.0-p247/specifications/rails-4.0.0.gemspec
I, [2014-04-29T15:46:52.657227 #31044]  INFO -- : 0:  ranked-model (0.3) from /Users/danema/.rvm/gems/ruby-2.0.0-p247/specifications/ranked-model-0.3.gemspec
I, [2014-04-29T15:46:52.657475 #31044]  INFO -- : 0:  rdoc (3.12.2) from /Users/danema/.rvm/gems/ruby-2.0.0-p247/specifications/rdoc-3.12.2.gemspec
I, [2014-04-29T15:46:52.657720 #31044]  INFO -- : 0:  sass (3.2.10) from /Users/danema/.rvm/gems/ruby-2.0.0-p247/specifications/sass-3.2.10.gemspec
I, [2014-04-29T15:46:52.657962 #31044]  INFO -- : 0:  sass-rails (4.0.0) from /Users/danema/.rvm/gems/ruby-2.0.0-p247/specifications/sass-rails-4.0.0.gemspec
I, [2014-04-29T15:46:52.658197 #31044]  INFO -- : 0:  sdoc (0.3.20) from /Users/danema/.rvm/gems/ruby-2.0.0-p247/specifications/sdoc-0.3.20.gemspec
I, [2014-04-29T15:46:52.658437 #31044]  INFO -- : 0:  turbolinks (1.3.0) from /Users/danema/.rvm/gems/ruby-2.0.0-p247/specifications/turbolinks-1.3.0.gemspec
I, [2014-04-29T15:46:52.658675 #31044]  INFO -- : 0:  uglifier (2.2.1) from /Users/danema/.rvm/gems/ruby-2.0.0-p247/specifications/uglifier-2.2.1.gemspec
